<?xml version="1.0" encoding="UTF-8"?>
<testsuite name="info.devlink.core.recruiterservice.RecruiterServiceApplicationTests" tests="1" skipped="0" failures="0" errors="0" timestamp="2020-01-26T06:35:42" hostname="Stevens-MacBook-Pro.local" time="0.327">
  <properties/>
  <testcase name="contextLoads()" classname="info.devlink.core.recruiterservice.RecruiterServiceApplicationTests" time="0.327"/>
  <system-out><![CDATA[00:35:40.431 [Test worker] DEBUG org.springframework.test.context.BootstrapUtils - Instantiating CacheAwareContextLoaderDelegate from class [org.springframework.test.context.cache.DefaultCacheAwareContextLoaderDelegate]
00:35:40.443 [Test worker] DEBUG org.springframework.test.context.BootstrapUtils - Instantiating BootstrapContext using constructor [public org.springframework.test.context.support.DefaultBootstrapContext(java.lang.Class,org.springframework.test.context.CacheAwareContextLoaderDelegate)]
00:35:40.468 [Test worker] DEBUG org.springframework.test.context.BootstrapUtils - Instantiating TestContextBootstrapper for test class [info.devlink.core.recruiterservice.RecruiterServiceApplicationTests] from class [org.springframework.boot.test.context.SpringBootTestContextBootstrapper]
00:35:40.484 [Test worker] INFO org.springframework.boot.test.context.SpringBootTestContextBootstrapper - Neither @ContextConfiguration nor @ContextHierarchy found for test class [info.devlink.core.recruiterservice.RecruiterServiceApplicationTests], using SpringBootContextLoader
00:35:40.487 [Test worker] DEBUG org.springframework.test.context.support.AbstractContextLoader - Did not detect default resource location for test class [info.devlink.core.recruiterservice.RecruiterServiceApplicationTests]: class path resource [info/devlink/core/recruiterservice/RecruiterServiceApplicationTests-context.xml] does not exist
00:35:40.488 [Test worker] DEBUG org.springframework.test.context.support.AbstractContextLoader - Did not detect default resource location for test class [info.devlink.core.recruiterservice.RecruiterServiceApplicationTests]: class path resource [info/devlink/core/recruiterservice/RecruiterServiceApplicationTestsContext.groovy] does not exist
00:35:40.488 [Test worker] INFO org.springframework.test.context.support.AbstractContextLoader - Could not detect default resource locations for test class [info.devlink.core.recruiterservice.RecruiterServiceApplicationTests]: no resource found for suffixes {-context.xml, Context.groovy}.
00:35:40.489 [Test worker] INFO org.springframework.test.context.support.AnnotationConfigContextLoaderUtils - Could not detect default configuration classes for test class [info.devlink.core.recruiterservice.RecruiterServiceApplicationTests]: RecruiterServiceApplicationTests does not declare any static, non-private, non-final, nested classes annotated with @Configuration.
00:35:40.516 [Test worker] DEBUG org.springframework.test.context.support.ActiveProfilesUtils - Could not find an 'annotation declaring class' for annotation type [org.springframework.test.context.ActiveProfiles] and class [info.devlink.core.recruiterservice.RecruiterServiceApplicationTests]
00:35:40.556 [Test worker] DEBUG org.springframework.context.annotation.ClassPathScanningCandidateComponentProvider - Identified candidate component class: file [/Users/stevenmcdonald/Desktop/devlink-microservices-v3/microservices/recruiter-service/build/classes/java/main/info/devlink/core/recruiterservice/RecruiterServiceApplication.class]
00:35:40.556 [Test worker] INFO org.springframework.boot.test.context.SpringBootTestContextBootstrapper - Found @SpringBootConfiguration info.devlink.core.recruiterservice.RecruiterServiceApplication for test class info.devlink.core.recruiterservice.RecruiterServiceApplicationTests
00:35:40.632 [Test worker] DEBUG org.springframework.boot.test.context.SpringBootTestContextBootstrapper - @TestExecutionListeners is not present for class [info.devlink.core.recruiterservice.RecruiterServiceApplicationTests]: using defaults.
00:35:40.632 [Test worker] INFO org.springframework.boot.test.context.SpringBootTestContextBootstrapper - Loaded default TestExecutionListener class names from location [META-INF/spring.factories]: [org.springframework.boot.test.autoconfigure.restdocs.RestDocsTestExecutionListener, org.springframework.boot.test.autoconfigure.web.client.MockRestServiceServerResetTestExecutionListener, org.springframework.boot.test.autoconfigure.web.servlet.MockMvcPrintOnlyOnFailureTestExecutionListener, org.springframework.boot.test.autoconfigure.web.servlet.WebDriverTestExecutionListener, org.springframework.boot.test.mock.mockito.MockitoTestExecutionListener, org.springframework.boot.test.mock.mockito.ResetMocksTestExecutionListener, org.springframework.test.context.web.ServletTestExecutionListener, org.springframework.test.context.support.DirtiesContextBeforeModesTestExecutionListener, org.springframework.test.context.support.DependencyInjectionTestExecutionListener, org.springframework.test.context.support.DirtiesContextTestExecutionListener, org.springframework.test.context.transaction.TransactionalTestExecutionListener, org.springframework.test.context.jdbc.SqlScriptsTestExecutionListener, org.springframework.test.context.event.EventPublishingTestExecutionListener]
00:35:40.640 [Test worker] DEBUG org.springframework.boot.test.context.SpringBootTestContextBootstrapper - Skipping candidate TestExecutionListener [org.springframework.test.context.web.ServletTestExecutionListener] due to a missing dependency. Specify custom listener classes or make the default listener classes and their required dependencies available. Offending class: [javax/servlet/ServletContext]
00:35:40.641 [Test worker] DEBUG org.springframework.boot.test.context.SpringBootTestContextBootstrapper - Skipping candidate TestExecutionListener [org.springframework.test.context.transaction.TransactionalTestExecutionListener] due to a missing dependency. Specify custom listener classes or make the default listener classes and their required dependencies available. Offending class: [org/springframework/transaction/interceptor/TransactionAttributeSource]
00:35:40.641 [Test worker] DEBUG org.springframework.boot.test.context.SpringBootTestContextBootstrapper - Skipping candidate TestExecutionListener [org.springframework.test.context.jdbc.SqlScriptsTestExecutionListener] due to a missing dependency. Specify custom listener classes or make the default listener classes and their required dependencies available. Offending class: [org/springframework/transaction/interceptor/TransactionAttribute]
00:35:40.642 [Test worker] INFO org.springframework.boot.test.context.SpringBootTestContextBootstrapper - Using TestExecutionListeners: [org.springframework.test.context.support.DirtiesContextBeforeModesTestExecutionListener@b3392bc, org.springframework.boot.test.mock.mockito.MockitoTestExecutionListener@408c11e4, org.springframework.boot.test.autoconfigure.SpringBootDependencyInjectionTestExecutionListener@50752dbf, org.springframework.test.context.support.DirtiesContextTestExecutionListener@1472c205, org.springframework.test.context.event.EventPublishingTestExecutionListener@3431445, org.springframework.boot.test.autoconfigure.restdocs.RestDocsTestExecutionListener@23e036f8, org.springframework.boot.test.autoconfigure.web.client.MockRestServiceServerResetTestExecutionListener@5a01ffee, org.springframework.boot.test.autoconfigure.web.servlet.MockMvcPrintOnlyOnFailureTestExecutionListener@58e16c41, org.springframework.boot.test.autoconfigure.web.servlet.WebDriverTestExecutionListener@439bba24, org.springframework.boot.test.mock.mockito.ResetMocksTestExecutionListener@61ee0359]
00:35:40.644 [Test worker] DEBUG org.springframework.test.context.support.AbstractDirtiesContextTestExecutionListener - Before test class: context [DefaultTestContext@282fded5 testClass = RecruiterServiceApplicationTests, testInstance = [null], testMethod = [null], testException = [null], mergedContextConfiguration = [ReactiveWebMergedContextConfiguration@65543c56 testClass = RecruiterServiceApplicationTests, locations = '{}', classes = '{class info.devlink.core.recruiterservice.RecruiterServiceApplication}', contextInitializerClasses = '[]', activeProfiles = '{}', propertySourceLocations = '{}', propertySourceProperties = '{org.springframework.boot.test.context.SpringBootTestContextBootstrapper=true}', contextCustomizers = set[org.springframework.boot.test.autoconfigure.properties.PropertyMappingContextCustomizer@0, org.springframework.boot.test.autoconfigure.web.servlet.WebDriverContextCustomizerFactory$Customizer@37453eac, org.springframework.boot.test.context.filter.ExcludeFilterContextCustomizer@30b30c30, org.springframework.boot.test.json.DuplicateJsonObjectContextCustomizerFactory$DuplicateJsonObjectContextCustomizer@393edcee, org.springframework.boot.test.mock.mockito.MockitoContextCustomizer@0, org.springframework.boot.test.web.client.TestRestTemplateContextCustomizer@7730d6c2, org.springframework.boot.test.web.reactive.server.WebTestClientContextCustomizer@1d3f4505], contextLoader = 'org.springframework.boot.test.context.SpringBootContextLoader', parent = [null]], attributes = map[[empty]]], class annotated with @DirtiesContext [false] with mode [null].
00:35:40.654 [Test worker] DEBUG org.springframework.test.context.support.DependencyInjectionTestExecutionListener - Performing dependency injection for test context [[DefaultTestContext@282fded5 testClass = RecruiterServiceApplicationTests, testInstance = info.devlink.core.recruiterservice.RecruiterServiceApplicationTests@61c8fcba, testMethod = [null], testException = [null], mergedContextConfiguration = [ReactiveWebMergedContextConfiguration@65543c56 testClass = RecruiterServiceApplicationTests, locations = '{}', classes = '{class info.devlink.core.recruiterservice.RecruiterServiceApplication}', contextInitializerClasses = '[]', activeProfiles = '{}', propertySourceLocations = '{}', propertySourceProperties = '{org.springframework.boot.test.context.SpringBootTestContextBootstrapper=true}', contextCustomizers = set[org.springframework.boot.test.autoconfigure.properties.PropertyMappingContextCustomizer@0, org.springframework.boot.test.autoconfigure.web.servlet.WebDriverContextCustomizerFactory$Customizer@37453eac, org.springframework.boot.test.context.filter.ExcludeFilterContextCustomizer@30b30c30, org.springframework.boot.test.json.DuplicateJsonObjectContextCustomizerFactory$DuplicateJsonObjectContextCustomizer@393edcee, org.springframework.boot.test.mock.mockito.MockitoContextCustomizer@0, org.springframework.boot.test.web.client.TestRestTemplateContextCustomizer@7730d6c2, org.springframework.boot.test.web.reactive.server.WebTestClientContextCustomizer@1d3f4505], contextLoader = 'org.springframework.boot.test.context.SpringBootContextLoader', parent = [null]], attributes = map[[empty]]]].
00:35:40.670 [Test worker] DEBUG org.springframework.test.context.support.TestPropertySourceUtils - Adding inlined properties to environment: {spring.jmx.enabled=false, org.springframework.boot.test.context.SpringBootTestContextBootstrapper=true, server.port=-1}

  .   ____          _            __ _ _
 /\\ / ___'_ __ _ _(_)_ __  __ _ \ \ \ \
( ( )\___ | '_ | '_| | '_ \/ _` | \ \ \ \
 \\/  ___)| |_)| | | | | || (_| |  ) ) ) )
  '  |____| .__|_| |_|_| |_\__, | / / / /
 =========|_|==============|___/=/_/_/_/
 :: Spring Boot ::        (v2.2.4.RELEASE)

2020-01-26 00:35:40.975  INFO 82075 --- [    Test worker] i.d.c.r.RecruiterServiceApplicationTests : Starting RecruiterServiceApplicationTests on Stevens-MacBook-Pro.local with PID 82075 (started by stevenmcdonald in /Users/stevenmcdonald/Desktop/devlink-microservices-v3/microservices/recruiter-service)
2020-01-26 00:35:40.977  INFO 82075 --- [    Test worker] i.d.c.r.RecruiterServiceApplicationTests : No active profile set, falling back to default profiles: default
2020-01-26 00:35:41.867  INFO 82075 --- [    Test worker] o.s.b.a.e.web.EndpointLinksResolver      : Exposing 2 endpoint(s) beneath base path '/actuator'
2020-01-26 00:35:42.215  INFO 82075 --- [    Test worker] i.d.c.r.RecruiterServiceApplicationTests : Started RecruiterServiceApplicationTests in 1.538 seconds (JVM running for 2.431)
]]></system-out>
  <system-err><![CDATA[]]></system-err>
</testsuite>
