<?xml version="1.0" encoding="UTF-8"?>
<testsuite name="info.devlink.core.compositeservice.CompositeServiceApplicationTests" tests="1" skipped="0" failures="0" errors="0" timestamp="2020-01-26T06:26:13" hostname="Stevens-MacBook-Pro.local" time="0.207">
  <properties/>
  <testcase name="contextLoads()" classname="info.devlink.core.compositeservice.CompositeServiceApplicationTests" time="0.207"/>
  <system-out><![CDATA[00:26:11.510 [Test worker] DEBUG org.springframework.test.context.BootstrapUtils - Instantiating CacheAwareContextLoaderDelegate from class [org.springframework.test.context.cache.DefaultCacheAwareContextLoaderDelegate]
00:26:11.519 [Test worker] DEBUG org.springframework.test.context.BootstrapUtils - Instantiating BootstrapContext using constructor [public org.springframework.test.context.support.DefaultBootstrapContext(java.lang.Class,org.springframework.test.context.CacheAwareContextLoaderDelegate)]
00:26:11.547 [Test worker] DEBUG org.springframework.test.context.BootstrapUtils - Instantiating TestContextBootstrapper for test class [info.devlink.core.compositeservice.CompositeServiceApplicationTests] from class [org.springframework.boot.test.context.SpringBootTestContextBootstrapper]
00:26:11.560 [Test worker] INFO org.springframework.boot.test.context.SpringBootTestContextBootstrapper - Neither @ContextConfiguration nor @ContextHierarchy found for test class [info.devlink.core.compositeservice.CompositeServiceApplicationTests], using SpringBootContextLoader
00:26:11.563 [Test worker] DEBUG org.springframework.test.context.support.AbstractContextLoader - Did not detect default resource location for test class [info.devlink.core.compositeservice.CompositeServiceApplicationTests]: class path resource [info/devlink/core/compositeservice/CompositeServiceApplicationTests-context.xml] does not exist
00:26:11.563 [Test worker] DEBUG org.springframework.test.context.support.AbstractContextLoader - Did not detect default resource location for test class [info.devlink.core.compositeservice.CompositeServiceApplicationTests]: class path resource [info/devlink/core/compositeservice/CompositeServiceApplicationTestsContext.groovy] does not exist
00:26:11.563 [Test worker] INFO org.springframework.test.context.support.AbstractContextLoader - Could not detect default resource locations for test class [info.devlink.core.compositeservice.CompositeServiceApplicationTests]: no resource found for suffixes {-context.xml, Context.groovy}.
00:26:11.564 [Test worker] INFO org.springframework.test.context.support.AnnotationConfigContextLoaderUtils - Could not detect default configuration classes for test class [info.devlink.core.compositeservice.CompositeServiceApplicationTests]: CompositeServiceApplicationTests does not declare any static, non-private, non-final, nested classes annotated with @Configuration.
00:26:11.589 [Test worker] DEBUG org.springframework.test.context.support.ActiveProfilesUtils - Could not find an 'annotation declaring class' for annotation type [org.springframework.test.context.ActiveProfiles] and class [info.devlink.core.compositeservice.CompositeServiceApplicationTests]
00:26:11.630 [Test worker] DEBUG org.springframework.context.annotation.ClassPathScanningCandidateComponentProvider - Identified candidate component class: file [/Users/stevenmcdonald/Desktop/devlink-microservices-v3/microservices/composite-service/build/classes/java/main/info/devlink/core/compositeservice/CompositeServiceApplication.class]
00:26:11.631 [Test worker] INFO org.springframework.boot.test.context.SpringBootTestContextBootstrapper - Found @SpringBootConfiguration info.devlink.core.compositeservice.CompositeServiceApplication for test class info.devlink.core.compositeservice.CompositeServiceApplicationTests
00:26:11.692 [Test worker] DEBUG org.springframework.boot.test.context.SpringBootTestContextBootstrapper - @TestExecutionListeners is not present for class [info.devlink.core.compositeservice.CompositeServiceApplicationTests]: using defaults.
00:26:11.693 [Test worker] INFO org.springframework.boot.test.context.SpringBootTestContextBootstrapper - Loaded default TestExecutionListener class names from location [META-INF/spring.factories]: [org.springframework.boot.test.autoconfigure.restdocs.RestDocsTestExecutionListener, org.springframework.boot.test.autoconfigure.web.client.MockRestServiceServerResetTestExecutionListener, org.springframework.boot.test.autoconfigure.web.servlet.MockMvcPrintOnlyOnFailureTestExecutionListener, org.springframework.boot.test.autoconfigure.web.servlet.WebDriverTestExecutionListener, org.springframework.boot.test.mock.mockito.MockitoTestExecutionListener, org.springframework.boot.test.mock.mockito.ResetMocksTestExecutionListener, org.springframework.test.context.web.ServletTestExecutionListener, org.springframework.test.context.support.DirtiesContextBeforeModesTestExecutionListener, org.springframework.test.context.support.DependencyInjectionTestExecutionListener, org.springframework.test.context.support.DirtiesContextTestExecutionListener, org.springframework.test.context.transaction.TransactionalTestExecutionListener, org.springframework.test.context.jdbc.SqlScriptsTestExecutionListener, org.springframework.test.context.event.EventPublishingTestExecutionListener]
00:26:11.697 [Test worker] DEBUG org.springframework.boot.test.context.SpringBootTestContextBootstrapper - Skipping candidate TestExecutionListener [org.springframework.test.context.web.ServletTestExecutionListener] due to a missing dependency. Specify custom listener classes or make the default listener classes and their required dependencies available. Offending class: [javax/servlet/ServletContext]
00:26:11.698 [Test worker] DEBUG org.springframework.boot.test.context.SpringBootTestContextBootstrapper - Skipping candidate TestExecutionListener [org.springframework.test.context.transaction.TransactionalTestExecutionListener] due to a missing dependency. Specify custom listener classes or make the default listener classes and their required dependencies available. Offending class: [org/springframework/transaction/interceptor/TransactionAttributeSource]
00:26:11.699 [Test worker] DEBUG org.springframework.boot.test.context.SpringBootTestContextBootstrapper - Skipping candidate TestExecutionListener [org.springframework.test.context.jdbc.SqlScriptsTestExecutionListener] due to a missing dependency. Specify custom listener classes or make the default listener classes and their required dependencies available. Offending class: [org/springframework/transaction/interceptor/TransactionAttribute]
00:26:11.699 [Test worker] INFO org.springframework.boot.test.context.SpringBootTestContextBootstrapper - Using TestExecutionListeners: [org.springframework.test.context.support.DirtiesContextBeforeModesTestExecutionListener@6f621851, org.springframework.boot.test.mock.mockito.MockitoTestExecutionListener@7a1c182b, org.springframework.boot.test.autoconfigure.SpringBootDependencyInjectionTestExecutionListener@44ab2d17, org.springframework.test.context.support.DirtiesContextTestExecutionListener@6d37710, org.springframework.test.context.event.EventPublishingTestExecutionListener@790c470b, org.springframework.boot.test.autoconfigure.restdocs.RestDocsTestExecutionListener@634bd541, org.springframework.boot.test.autoconfigure.web.client.MockRestServiceServerResetTestExecutionListener@7e959faa, org.springframework.boot.test.autoconfigure.web.servlet.MockMvcPrintOnlyOnFailureTestExecutionListener@63631c9f, org.springframework.boot.test.autoconfigure.web.servlet.WebDriverTestExecutionListener@784c3be7, org.springframework.boot.test.mock.mockito.ResetMocksTestExecutionListener@45100872]
00:26:11.701 [Test worker] DEBUG org.springframework.test.context.support.AbstractDirtiesContextTestExecutionListener - Before test class: context [DefaultTestContext@670e9583 testClass = CompositeServiceApplicationTests, testInstance = [null], testMethod = [null], testException = [null], mergedContextConfiguration = [ReactiveWebMergedContextConfiguration@569d8f2d testClass = CompositeServiceApplicationTests, locations = '{}', classes = '{class info.devlink.core.compositeservice.CompositeServiceApplication}', contextInitializerClasses = '[]', activeProfiles = '{}', propertySourceLocations = '{}', propertySourceProperties = '{org.springframework.boot.test.context.SpringBootTestContextBootstrapper=true}', contextCustomizers = set[org.springframework.boot.test.autoconfigure.properties.PropertyMappingContextCustomizer@0, org.springframework.boot.test.autoconfigure.web.servlet.WebDriverContextCustomizerFactory$Customizer@4b42df1e, org.springframework.boot.test.context.filter.ExcludeFilterContextCustomizer@4352a85c, org.springframework.boot.test.json.DuplicateJsonObjectContextCustomizerFactory$DuplicateJsonObjectContextCustomizer@d387624, org.springframework.boot.test.mock.mockito.MockitoContextCustomizer@0, org.springframework.boot.test.web.client.TestRestTemplateContextCustomizer@6bcd5d17, org.springframework.boot.test.web.reactive.server.WebTestClientContextCustomizer@447abf7d], contextLoader = 'org.springframework.boot.test.context.SpringBootContextLoader', parent = [null]], attributes = map[[empty]]], class annotated with @DirtiesContext [false] with mode [null].
00:26:11.708 [Test worker] DEBUG org.springframework.test.context.support.DependencyInjectionTestExecutionListener - Performing dependency injection for test context [[DefaultTestContext@670e9583 testClass = CompositeServiceApplicationTests, testInstance = info.devlink.core.compositeservice.CompositeServiceApplicationTests@16b93ab6, testMethod = [null], testException = [null], mergedContextConfiguration = [ReactiveWebMergedContextConfiguration@569d8f2d testClass = CompositeServiceApplicationTests, locations = '{}', classes = '{class info.devlink.core.compositeservice.CompositeServiceApplication}', contextInitializerClasses = '[]', activeProfiles = '{}', propertySourceLocations = '{}', propertySourceProperties = '{org.springframework.boot.test.context.SpringBootTestContextBootstrapper=true}', contextCustomizers = set[org.springframework.boot.test.autoconfigure.properties.PropertyMappingContextCustomizer@0, org.springframework.boot.test.autoconfigure.web.servlet.WebDriverContextCustomizerFactory$Customizer@4b42df1e, org.springframework.boot.test.context.filter.ExcludeFilterContextCustomizer@4352a85c, org.springframework.boot.test.json.DuplicateJsonObjectContextCustomizerFactory$DuplicateJsonObjectContextCustomizer@d387624, org.springframework.boot.test.mock.mockito.MockitoContextCustomizer@0, org.springframework.boot.test.web.client.TestRestTemplateContextCustomizer@6bcd5d17, org.springframework.boot.test.web.reactive.server.WebTestClientContextCustomizer@447abf7d], contextLoader = 'org.springframework.boot.test.context.SpringBootContextLoader', parent = [null]], attributes = map[[empty]]]].
00:26:11.722 [Test worker] DEBUG org.springframework.test.context.support.TestPropertySourceUtils - Adding inlined properties to environment: {spring.jmx.enabled=false, org.springframework.boot.test.context.SpringBootTestContextBootstrapper=true, server.port=-1}

  .   ____          _            __ _ _
 /\\ / ___'_ __ _ _(_)_ __  __ _ \ \ \ \
( ( )\___ | '_ | '_| | '_ \/ _` | \ \ \ \
 \\/  ___)| |_)| | | | | || (_| |  ) ) ) )
  '  |____| .__|_| |_|_| |_\__, | / / / /
 =========|_|==============|___/=/_/_/_/
 :: Spring Boot ::        (v2.2.4.RELEASE)

2020-01-26 00:26:11.876  INFO 81830 --- [    Test worker] i.d.c.c.CompositeServiceApplicationTests : Starting CompositeServiceApplicationTests on Stevens-MacBook-Pro.local with PID 81830 (started by stevenmcdonald in /Users/stevenmcdonald/Desktop/devlink-microservices-v3/microservices/composite-service)
2020-01-26 00:26:11.877  INFO 81830 --- [    Test worker] i.d.c.c.CompositeServiceApplicationTests : No active profile set, falling back to default profiles: default
2020-01-26 00:26:12.755  INFO 81830 --- [    Test worker] o.s.b.a.e.web.EndpointLinksResolver      : Exposing 2 endpoint(s) beneath base path '/actuator'
2020-01-26 00:26:13.111  INFO 81830 --- [    Test worker] i.d.c.c.CompositeServiceApplicationTests : Started CompositeServiceApplicationTests in 1.383 seconds (JVM running for 2.175)
]]></system-out>
  <system-err><![CDATA[]]></system-err>
</testsuite>
